# JRE version: OpenJDK Runtime Environment (8.0_242-b01) (build 1.8.0_242-release-1644-b01)
# Java VM: OpenJDK 64-Bit Server VM (25.242-b01 mixed mode windows-amd64 compressed oops)
Heap:
 PSYoungGen      total 133120K, used 23969K [0x00000000e0000000, 0x00000000e9200000, 0x0000000100000000)
  eden space 119808K, 9% used [0x00000000e0000000,0x00000000e0b09680,0x00000000e7500000)
  from space 13312K, 95% used [0x00000000e8500000,0x00000000e915ee30,0x00000000e9200000)
  to   space 14848K, 0% used [0x00000000e7500000,0x00000000e7500000,0x00000000e8380000)
 ParOldGen       total 99328K, used 18645K [0x00000000a0000000, 0x00000000a6100000, 0x00000000e0000000)
  object space 99328K, 18% used [0x00000000a0000000,0x00000000a1235430,0x00000000a6100000)
 Metaspace       used 44710K, capacity 45800K, committed 45992K, reserved 1089536K
  class space    used 5975K, capacity 6255K, committed 6320K, reserved 1048576K
GC Heap History (10 events):
Event: 4.462 GC heap before
{Heap before GC invocations=8 (full 1):
 PSYoungGen      total 74752K, used 64512K [0x00000000e0000000, 0x00000000e5600000, 0x0000000100000000)
  eden space 64512K, 100% used [0x00000000e0000000,0x00000000e3f00000,0x00000000e3f00000)
  from space 10240K, 0% used [0x00000000e4a00000,0x00000000e4a00000,0x00000000e5400000)
  to   space 11264K, 0% used [0x00000000e3f00000,0x00000000e3f00000,0x00000000e4a00000)
 ParOldGen       total 62976K, used 9420K [0x00000000a0000000, 0x00000000a3d80000, 0x00000000e0000000)
  object space 62976K, 14% used [0x00000000a0000000,0x00000000a09332a8,0x00000000a3d80000)
 Metaspace       used 27871K, capacity 28288K, committed 28592K, reserved 1073152K
  class space    used 3816K, capacity 3999K, committed 4016K, reserved 1048576K
Event: 4.470 GC heap after
Heap after GC invocations=8 (full 1):
 PSYoungGen      total 75776K, used 8033K [0x00000000e0000000, 0x00000000e7380000, 0x0000000100000000)
  eden space 64512K, 0% used [0x00000000e0000000,0x00000000e0000000,0x00000000e3f00000)
  from space 11264K, 71% used [0x00000000e3f00000,0x00000000e46d84d8,0x00000000e4a00000)
  to   space 11776K, 0% used [0x00000000e6800000,0x00000000e6800000,0x00000000e7380000)
 ParOldGen       total 62976K, used 9428K [0x00000000a0000000, 0x00000000a3d80000, 0x00000000e0000000)
  object space 62976K, 14% used [0x00000000a0000000,0x00000000a09352a8,0x00000000a3d80000)
 Metaspace       used 27871K, capacity 28288K, committed 28592K, reserved 1073152K
  class space    used 3816K, capacity 3999K, committed 4016K, reserved 1048576K
}
Event: 5.111 GC heap before
{Heap before GC invocations=9 (full 1):
 PSYoungGen      total 75776K, used 72545K [0x00000000e0000000, 0x00000000e7380000, 0x0000000100000000)
  eden space 64512K, 100% used [0x00000000e0000000,0x00000000e3f00000,0x00000000e3f00000)
  from space 11264K, 71% used [0x00000000e3f00000,0x00000000e46d84d8,0x00000000e4a00000)
  to   space 11776K, 0% used [0x00000000e6800000,0x00000000e6800000,0x00000000e7380000)
 ParOldGen       total 62976K, used 9428K [0x00000000a0000000, 0x00000000a3d80000, 0x00000000e0000000)
  object space 62976K, 14% used [0x00000000a0000000,0x00000000a09352a8,0x00000000a3d80000)
 Metaspace       used 31117K, capacity 31614K, committed 31920K, reserved 1077248K
  class space    used 4263K, capacity 4425K, committed 4528K, reserved 1048576K
Event: 5.124 GC heap after
Heap after GC invocations=9 (full 1):
 PSYoungGen      total 106496K, used 8774K [0x00000000e0000000, 0x00000000e7600000, 0x0000000100000000)
  eden space 94720K, 0% used [0x00000000e0000000,0x00000000e0000000,0x00000000e5c80000)
  from space 11776K, 74% used [0x00000000e6800000,0x00000000e7091918,0x00000000e7380000)
  to   space 11776K, 0% used [0x00000000e5c80000,0x00000000e5c80000,0x00000000e6800000)
 ParOldGen       total 62976K, used 9436K [0x00000000a0000000, 0x00000000a3d80000, 0x00000000e0000000)
  object space 62976K, 14% used [0x00000000a0000000,0x00000000a09372a8,0x00000000a3d80000)
 Metaspace       used 31117K, capacity 31614K, committed 31920K, reserved 1077248K
  class space    used 4263K, capacity 4425K, committed 4528K, reserved 1048576K
}
Event: 6.246 GC heap before
{Heap before GC invocations=10 (full 1):
 PSYoungGen      total 106496K, used 81700K [0x00000000e0000000, 0x00000000e7600000, 0x0000000100000000)
  eden space 94720K, 76% used [0x00000000e0000000,0x00000000e4737778,0x00000000e5c80000)
  from space 11776K, 74% used [0x00000000e6800000,0x00000000e7091918,0x00000000e7380000)
  to   space 11776K, 0% used [0x00000000e5c80000,0x00000000e5c80000,0x00000000e6800000)
 ParOldGen       total 62976K, used 9436K [0x00000000a0000000, 0x00000000a3d80000, 0x00000000e0000000)
  object space 62976K, 14% used [0x00000000a0000000,0x00000000a09372a8,0x00000000a3d80000)
 Metaspace       used 34527K, capacity 35416K, committed 35496K, reserved 1079296K
  class space    used 4722K, capacity 4988K, committed 5040K, reserved 1048576K
Event: 6.257 GC heap after
Heap after GC invocations=10 (full 1):
 PSYoungGen      total 106496K, used 11761K [0x00000000e0000000, 0x00000000e9200000, 0x0000000100000000)
  eden space 94720K, 0% used [0x00000000e0000000,0x00000000e0000000,0x00000000e5c80000)
  from space 11776K, 99% used [0x00000000e5c80000,0x00000000e67fc620,0x00000000e6800000)
  to   space 13312K, 0% used [0x00000000e8500000,0x00000000e8500000,0x00000000e9200000)
 ParOldGen       total 62976K, used 9636K [0x00000000a0000000, 0x00000000a3d80000, 0x00000000e0000000)
  object space 62976K, 15% used [0x00000000a0000000,0x00000000a0969078,0x00000000a3d80000)
 Metaspace       used 34527K, capacity 35416K, committed 35496K, reserved 1079296K
  class space    used 4722K, capacity 4988K, committed 5040K, reserved 1048576K
}
Event: 6.257 GC heap before
{Heap before GC invocations=11 (full 2):
 PSYoungGen      total 106496K, used 11761K [0x00000000e0000000, 0x00000000e9200000, 0x0000000100000000)
  eden space 94720K, 0% used [0x00000000e0000000,0x00000000e0000000,0x00000000e5c80000)
  from space 11776K, 99% used [0x00000000e5c80000,0x00000000e67fc620,0x00000000e6800000)
  to   space 13312K, 0% used [0x00000000e8500000,0x00000000e8500000,0x00000000e9200000)
 ParOldGen       total 62976K, used 9636K [0x00000000a0000000, 0x00000000a3d80000, 0x00000000e0000000)
  object space 62976K, 15% used [0x00000000a0000000,0x00000000a0969078,0x00000000a3d80000)
 Metaspace       used 34527K, capacity 35416K, committed 35496K, reserved 1079296K
  class space    used 4722K, capacity 4988K, committed 5040K, reserved 1048576K
Event: 6.304 GC heap after
Heap after GC invocations=11 (full 2):
 PSYoungGen      total 106496K, used 0K [0x00000000e0000000, 0x00000000e9200000, 0x0000000100000000)
  eden space 94720K, 0% used [0x00000000e0000000,0x00000000e0000000,0x00000000e5c80000)
  from space 11776K, 0% used [0x00000000e5c80000,0x00000000e5c80000,0x00000000e6800000)
  to   space 13312K, 0% used [0x00000000e8500000,0x00000000e8500000,0x00000000e9200000)
 ParOldGen       total 99328K, used 18637K [0x00000000a0000000, 0x00000000a6100000, 0x00000000e0000000)
  object space 99328K, 18% used [0x00000000a0000000,0x00000000a1233430,0x00000000a6100000)
 Metaspace       used 34518K, capacity 35386K, committed 35496K, reserved 1079296K
  class space    used 4719K, capacity 4983K, committed 5040K, reserved 1048576K
}
Event: 7.493 GC heap before
{Heap before GC invocations=12 (full 2):
 PSYoungGen      total 106496K, used 94720K [0x00000000e0000000, 0x00000000e9200000, 0x0000000100000000)
  eden space 94720K, 100% used [0x00000000e0000000,0x00000000e5c80000,0x00000000e5c80000)
  from space 11776K, 0% used [0x00000000e5c80000,0x00000000e5c80000,0x00000000e6800000)
  to   space 13312K, 0% used [0x00000000e8500000,0x00000000e8500000,0x00000000e9200000)
 ParOldGen       total 99328K, used 18637K [0x00000000a0000000, 0x00000000a6100000, 0x00000000e0000000)
  object space 99328K, 18% used [0x00000000a0000000,0x00000000a1233430,0x00000000a6100000)
 Metaspace       used 43943K, capacity 44966K, committed 45224K, reserved 1087488K
  class space    used 5901K, capacity 6216K, committed 6320K, reserved 1048576K
Event: 7.503 GC heap after
Heap after GC invocations=12 (full 2):
 PSYoungGen      total 133120K, used 12667K [0x00000000e0000000, 0x00000000e9200000, 0x0000000100000000)
  eden space 119808K, 0% used [0x00000000e0000000,0x00000000e0000000,0x00000000e7500000)
  from space 13312K, 95% used [0x00000000e8500000,0x00000000e915ee30,0x00000000e9200000)
  to   space 14848K, 0% used [0x00000000e7500000,0x00000000e7500000,0x00000000e8380000)
 ParOldGen       total 99328K, used 18645K [0x00000000a0000000, 0x00000000a6100000, 0x00000000e0000000)
  object space 99328K, 18% used [0x00000000a0000000,0x00000000a1235430,0x00000000a6100000)
 Metaspace       used 43943K, capacity 44966K, committed 45224K, reserved 1087488K
  class space    used 5901K, capacity 6216K, committed 6320K, reserved 1048576K
}

